<?xml version="1.0" encoding="UTF-8"?>
<!-- Generated by org.testng.reporters.JUnitReportReporter -->
<testsuite hostname="yashmani" failures="0" tests="1" name="Examples.ValidateLoginpage2" time="0.018" errors="0" timestamp="2022-11-21T21:22:36 IST" skipped="0">
  <testcase classname="Examples.ValidateLoginpage2" name="validateLoginpageTest" time="0.018"/>
  <system-out/>
</testsuite> <!-- Examples.ValidateLoginpage2 -->
