<?xml version="1.0" encoding="UTF-8"?>
<!-- Generated by org.testng.reporters.JUnitReportReporter -->
<testsuite hostname="yashmani" failures="0" tests="1" name="Examples1.loginDemoGuru" time="11.281" errors="0" timestamp="2022-12-08T21:45:51 IST" skipped="0">
  <testcase classname="Examples1.loginDemoGuru" name="verifylogin" time="11.281"/>
  <system-out/>
</testsuite> <!-- Examples1.loginDemoGuru -->
