<?xml version="1.0" encoding="UTF-8"?>
<!-- Generated by org.testng.reporters.JUnitReportReporter -->
<testsuite hostname="yashmani" failures="0" tests="1" name="Examples1.demoOpenCart" time="52.424" errors="0" timestamp="2022-12-09T11:56:46 IST" skipped="0">
  <testcase classname="Examples1.demoOpenCart" name="verifylogin" time="52.424"/>
  <system-out/>
</testsuite> <!-- Examples1.demoOpenCart -->
